2025-01-07T06:02:10.522234635Z 1:M 07 Jan 2025 06:02:10.522 * 1 changes in 3600 seconds. Saving...
2025-01-07T06:02:10.523555872Z 1:M 07 Jan 2025 06:02:10.523 * Background saving started by pid 26
2025-01-07T06:02:11.236055339Z 26:C 07 Jan 2025 06:02:11.235 * DB saved on disk
2025-01-07T06:02:11.237246419Z 26:C 07 Jan 2025 06:02:11.237 * RDB: 6 MB of memory used by copy-on-write
2025-01-07T06:02:11.327853615Z 1:M 07 Jan 2025 06:02:11.327 * Background saving terminated with success
2025-01-07T06:04:51.255882087Z 1:M 07 Jan 2025 06:04:51.255 * 10000 changes in 60 seconds. Saving...
2025-01-07T06:04:51.256553382Z 1:M 07 Jan 2025 06:04:51.256 * Background saving started by pid 27
2025-01-07T06:04:51.289249498Z 27:C 07 Jan 2025 06:04:51.289 * DB saved on disk
2025-01-07T06:04:51.290122639Z 27:C 07 Jan 2025 06:04:51.289 * RDB: 0 MB of memory used by copy-on-write
2025-01-07T06:04:51.357326088Z 1:M 07 Jan 2025 06:04:51.357 * Background saving terminated with success
2025-01-07T06:09:52.037832002Z 1:M 07 Jan 2025 06:09:52.037 * 100 changes in 300 seconds. Saving...
2025-01-07T06:09:52.038409976Z 1:M 07 Jan 2025 06:09:52.038 * Background saving started by pid 28
2025-01-07T06:09:52.072225289Z 28:C 07 Jan 2025 06:09:52.072 * DB saved on disk
2025-01-07T06:09:52.073217528Z 28:C 07 Jan 2025 06:09:52.073 * RDB: 0 MB of memory used by copy-on-write
2025-01-07T06:09:52.138937253Z 1:M 07 Jan 2025 06:09:52.138 * Background saving terminated with success
2025-01-07T06:14:53.077476042Z 1:M 07 Jan 2025 06:14:53.077 * 100 changes in 300 seconds. Saving...
2025-01-07T06:14:53.078013385Z 1:M 07 Jan 2025 06:14:53.077 * Background saving started by pid 29
2025-01-07T06:14:53.134294966Z 29:C 07 Jan 2025 06:14:53.134 * DB saved on disk
2025-01-07T06:14:53.135398906Z 29:C 07 Jan 2025 06:14:53.135 * RDB: 0 MB of memory used by copy-on-write
2025-01-07T06:14:53.178696804Z 1:M 07 Jan 2025 06:14:53.178 * Background saving terminated with success
2025-01-07T06:19:54.100151974Z 1:M 07 Jan 2025 06:19:54.099 * 100 changes in 300 seconds. Saving...
2025-01-07T06:19:54.100729019Z 1:M 07 Jan 2025 06:19:54.100 * Background saving started by pid 30
2025-01-07T06:19:54.152629050Z 30:C 07 Jan 2025 06:19:54.152 * DB saved on disk
2025-01-07T06:19:54.153735650Z 30:C 07 Jan 2025 06:19:54.153 * RDB: 0 MB of memory used by copy-on-write
2025-01-07T06:19:54.201608108Z 1:M 07 Jan 2025 06:19:54.201 * Background saving terminated with success
2025-01-07T06:24:55.050596761Z 1:M 07 Jan 2025 06:24:55.050 * 100 changes in 300 seconds. Saving...
2025-01-07T06:24:55.051117265Z 1:M 07 Jan 2025 06:24:55.050 * Background saving started by pid 31
2025-01-07T06:24:55.094758873Z 31:C 07 Jan 2025 06:24:55.094 * DB saved on disk
2025-01-07T06:24:55.095960378Z 31:C 07 Jan 2025 06:24:55.095 * RDB: 0 MB of memory used by copy-on-write
2025-01-07T06:24:55.151665606Z 1:M 07 Jan 2025 06:24:55.151 * Background saving terminated with success
2025-01-07T06:39:38.178818272Z 1:M 07 Jan 2025 06:39:38.178 * 100 changes in 300 seconds. Saving...
2025-01-07T06:39:38.179518809Z 1:M 07 Jan 2025 06:39:38.179 * Background saving started by pid 32
2025-01-07T06:39:38.219940333Z 32:C 07 Jan 2025 06:39:38.219 * DB saved on disk
2025-01-07T06:39:38.220949813Z 32:C 07 Jan 2025 06:39:38.220 * RDB: 0 MB of memory used by copy-on-write
2025-01-07T06:39:38.280990805Z 1:M 07 Jan 2025 06:39:38.280 * Background saving terminated with success
2025-01-07T06:42:20.605016267Z 1:M 07 Jan 2025 06:42:20.604 * 10000 changes in 60 seconds. Saving...
2025-01-07T06:42:20.605666884Z 1:M 07 Jan 2025 06:42:20.605 * Background saving started by pid 33
2025-01-07T06:42:20.667547029Z 33:C 07 Jan 2025 06:42:20.667 * DB saved on disk
2025-01-07T06:42:20.668685526Z 33:C 07 Jan 2025 06:42:20.668 * RDB: 0 MB of memory used by copy-on-write
2025-01-07T06:42:20.706398980Z 1:M 07 Jan 2025 06:42:20.706 * Background saving terminated with success
2025-01-07T06:45:04.751586029Z 1:M 07 Jan 2025 06:45:04.751 * 10000 changes in 60 seconds. Saving...
2025-01-07T06:45:04.752161492Z 1:M 07 Jan 2025 06:45:04.752 * Background saving started by pid 34
2025-01-07T06:45:04.799122719Z 34:C 07 Jan 2025 06:45:04.798 * DB saved on disk
2025-01-07T06:45:04.800366070Z 34:C 07 Jan 2025 06:45:04.800 * RDB: 0 MB of memory used by copy-on-write
2025-01-07T06:45:04.853383243Z 1:M 07 Jan 2025 06:45:04.853 * Background saving terminated with success
2025-01-07T06:47:46.065156763Z 1:M 07 Jan 2025 06:47:46.064 * 10000 changes in 60 seconds. Saving...
2025-01-07T06:47:46.065711186Z 1:M 07 Jan 2025 06:47:46.065 * Background saving started by pid 35
2025-01-07T06:47:46.119337494Z 35:C 07 Jan 2025 06:47:46.119 * DB saved on disk
2025-01-07T06:47:46.120419225Z 35:C 07 Jan 2025 06:47:46.120 * RDB: 0 MB of memory used by copy-on-write
2025-01-07T06:47:46.166245670Z 1:M 07 Jan 2025 06:47:46.166 * Background saving terminated with success
2025-01-07T06:50:25.374618258Z 1:M 07 Jan 2025 06:50:25.374 * 10000 changes in 60 seconds. Saving...
2025-01-07T06:50:25.375200059Z 1:M 07 Jan 2025 06:50:25.375 * Background saving started by pid 36
2025-01-07T06:50:25.438148861Z 36:C 07 Jan 2025 06:50:25.437 * DB saved on disk
2025-01-07T06:50:25.439175729Z 36:C 07 Jan 2025 06:50:25.439 * RDB: 0 MB of memory used by copy-on-write
2025-01-07T06:50:25.476686163Z 1:M 07 Jan 2025 06:50:25.476 * Background saving terminated with success
2025-01-07T06:55:26.010937451Z 1:M 07 Jan 2025 06:55:26.010 * 100 changes in 300 seconds. Saving...
2025-01-07T06:55:26.011613098Z 1:M 07 Jan 2025 06:55:26.011 * Background saving started by pid 37
2025-01-07T06:55:26.086431390Z 37:C 07 Jan 2025 06:55:26.086 * DB saved on disk
2025-01-07T06:55:26.087551062Z 37:C 07 Jan 2025 06:55:26.087 * RDB: 0 MB of memory used by copy-on-write
2025-01-07T06:55:26.112144448Z 1:M 07 Jan 2025 06:55:26.112 * Background saving terminated with success
