2025-01-07T06:02:10.508356219Z 1:M 07 Jan 2025 06:02:10.508 * 1 changes in 3600 seconds. Saving...
2025-01-07T06:02:10.509644411Z 1:M 07 Jan 2025 06:02:10.509 * Background saving started by pid 26
2025-01-07T06:02:10.513691367Z 26:C 07 Jan 2025 06:02:10.513 * DB saved on disk
2025-01-07T06:02:10.514742352Z 26:C 07 Jan 2025 06:02:10.514 * RDB: 4 MB of memory used by copy-on-write
2025-01-07T06:02:10.610395662Z 1:M 07 Jan 2025 06:02:10.610 * Background saving terminated with success
2025-01-07T06:07:11.082984985Z 1:M 07 Jan 2025 06:07:11.082 * 100 changes in 300 seconds. Saving...
2025-01-07T06:07:11.083947978Z 1:M 07 Jan 2025 06:07:11.083 * Background saving started by pid 27
2025-01-07T06:07:11.090570154Z 27:C 07 Jan 2025 06:07:11.090 * DB saved on disk
2025-01-07T06:07:11.091673406Z 27:C 07 Jan 2025 06:07:11.091 * RDB: 4 MB of memory used by copy-on-write
2025-01-07T06:07:11.184259083Z 1:M 07 Jan 2025 06:07:11.184 * Background saving terminated with success
2025-01-07T06:09:34.362498016Z 1:M 07 Jan 2025 06:09:34.362 * 10000 changes in 60 seconds. Saving...
2025-01-07T06:09:34.363937892Z 1:M 07 Jan 2025 06:09:34.363 * Background saving started by pid 28
2025-01-07T06:09:34.373308976Z 28:C 07 Jan 2025 06:09:34.373 * DB saved on disk
2025-01-07T06:09:34.374411852Z 28:C 07 Jan 2025 06:09:34.374 * RDB: 4 MB of memory used by copy-on-write
2025-01-07T06:09:34.464375583Z 1:M 07 Jan 2025 06:09:34.464 * Background saving terminated with success
2025-01-07T06:11:36.539907811Z 1:M 07 Jan 2025 06:11:36.539 * 10000 changes in 60 seconds. Saving...
2025-01-07T06:11:36.540317018Z 1:M 07 Jan 2025 06:11:36.540 * Background saving started by pid 29
2025-01-07T06:11:36.552649081Z 29:C 07 Jan 2025 06:11:36.552 * DB saved on disk
2025-01-07T06:11:36.553666201Z 29:C 07 Jan 2025 06:11:36.553 * RDB: 2 MB of memory used by copy-on-write
2025-01-07T06:11:36.640917945Z 1:M 07 Jan 2025 06:11:36.640 * Background saving terminated with success
2025-01-07T06:13:39.589978418Z 1:M 07 Jan 2025 06:13:39.589 * 10000 changes in 60 seconds. Saving...
2025-01-07T06:13:39.590526791Z 1:M 07 Jan 2025 06:13:39.590 * Background saving started by pid 30
2025-01-07T06:13:39.605399422Z 30:C 07 Jan 2025 06:13:39.605 * DB saved on disk
2025-01-07T06:13:39.606425014Z 30:C 07 Jan 2025 06:13:39.606 * RDB: 0 MB of memory used by copy-on-write
2025-01-07T06:13:39.691720621Z 1:M 07 Jan 2025 06:13:39.691 * Background saving terminated with success
2025-01-07T06:15:42.135515252Z 1:M 07 Jan 2025 06:15:42.135 * 10000 changes in 60 seconds. Saving...
2025-01-07T06:15:42.136028415Z 1:M 07 Jan 2025 06:15:42.135 * Background saving started by pid 31
2025-01-07T06:15:42.153173639Z 31:C 07 Jan 2025 06:15:42.152 * DB saved on disk
2025-01-07T06:15:42.154304319Z 31:C 07 Jan 2025 06:15:42.154 * RDB: 0 MB of memory used by copy-on-write
2025-01-07T06:15:42.236949605Z 1:M 07 Jan 2025 06:15:42.236 * Background saving terminated with success
2025-01-07T06:17:44.076962424Z 1:M 07 Jan 2025 06:17:44.076 * 10000 changes in 60 seconds. Saving...
2025-01-07T06:17:44.077436044Z 1:M 07 Jan 2025 06:17:44.077 * Background saving started by pid 32
2025-01-07T06:17:44.096578101Z 32:C 07 Jan 2025 06:17:44.096 * DB saved on disk
2025-01-07T06:17:44.097672169Z 32:C 07 Jan 2025 06:17:44.097 * RDB: 0 MB of memory used by copy-on-write
2025-01-07T06:17:44.178256125Z 1:M 07 Jan 2025 06:17:44.178 * Background saving terminated with success
2025-01-07T06:19:44.621460908Z 1:M 07 Jan 2025 06:19:44.621 * 10000 changes in 60 seconds. Saving...
2025-01-07T06:19:44.621915489Z 1:M 07 Jan 2025 06:19:44.621 * Background saving started by pid 33
2025-01-07T06:19:44.644259314Z 33:C 07 Jan 2025 06:19:44.644 * DB saved on disk
2025-01-07T06:19:44.645386964Z 33:C 07 Jan 2025 06:19:44.645 * RDB: 0 MB of memory used by copy-on-write
2025-01-07T06:19:44.722756880Z 1:M 07 Jan 2025 06:19:44.722 * Background saving terminated with success
2025-01-07T06:24:45.044771260Z 1:M 07 Jan 2025 06:24:45.044 * 100 changes in 300 seconds. Saving...
2025-01-07T06:24:45.045297860Z 1:M 07 Jan 2025 06:24:45.045 * Background saving started by pid 34
2025-01-07T06:24:45.069204645Z 34:C 07 Jan 2025 06:24:45.069 * DB saved on disk
2025-01-07T06:24:45.070395715Z 34:C 07 Jan 2025 06:24:45.070 * RDB: 0 MB of memory used by copy-on-write
2025-01-07T06:24:45.145886909Z 1:M 07 Jan 2025 06:24:45.145 * Background saving terminated with success
2025-01-07T06:39:39.259919379Z 1:M 07 Jan 2025 06:39:39.259 * 100 changes in 300 seconds. Saving...
2025-01-07T06:39:39.260440430Z 1:M 07 Jan 2025 06:39:39.260 * Background saving started by pid 35
2025-01-07T06:39:39.287118452Z 35:C 07 Jan 2025 06:39:39.286 * DB saved on disk
2025-01-07T06:39:39.288354313Z 35:C 07 Jan 2025 06:39:39.288 * RDB: 0 MB of memory used by copy-on-write
2025-01-07T06:39:39.361430816Z 1:M 07 Jan 2025 06:39:39.361 * Background saving terminated with success
2025-01-07T06:43:57.669664309Z 1:M 07 Jan 2025 06:43:57.669 * 10000 changes in 60 seconds. Saving...
2025-01-07T06:43:57.670196409Z 1:M 07 Jan 2025 06:43:57.670 * Background saving started by pid 36
2025-01-07T06:43:57.692496417Z 36:C 07 Jan 2025 06:43:57.692 * DB saved on disk
2025-01-07T06:43:57.693434784Z 36:C 07 Jan 2025 06:43:57.693 * RDB: 0 MB of memory used by copy-on-write
2025-01-07T06:43:57.770761130Z 1:M 07 Jan 2025 06:43:57.770 * Background saving terminated with success
2025-01-07T06:48:21.901491394Z 1:M 07 Jan 2025 06:48:21.901 * 10000 changes in 60 seconds. Saving...
2025-01-07T06:48:21.902004085Z 1:M 07 Jan 2025 06:48:21.901 * Background saving started by pid 37
2025-01-07T06:48:21.926299169Z 37:C 07 Jan 2025 06:48:21.926 * DB saved on disk
2025-01-07T06:48:21.927432552Z 37:C 07 Jan 2025 06:48:21.927 * RDB: 0 MB of memory used by copy-on-write
2025-01-07T06:48:22.003419266Z 1:M 07 Jan 2025 06:48:22.003 * Background saving terminated with success
2025-01-07T06:53:23.009020665Z 1:M 07 Jan 2025 06:53:23.008 * 100 changes in 300 seconds. Saving...
2025-01-07T06:53:23.009500191Z 1:M 07 Jan 2025 06:53:23.009 * Background saving started by pid 38
2025-01-07T06:53:23.036732820Z 38:C 07 Jan 2025 06:53:23.036 * DB saved on disk
2025-01-07T06:53:23.037862274Z 38:C 07 Jan 2025 06:53:23.037 * RDB: 0 MB of memory used by copy-on-write
2025-01-07T06:53:23.110077053Z 1:M 07 Jan 2025 06:53:23.109 * Background saving terminated with success
