2025-01-07T08:09:06.625533858Z 1:M 07 Jan 2025 08:09:06.625 * 1 changes in 3600 seconds. Saving...
2025-01-07T08:09:06.626120101Z 1:M 07 Jan 2025 08:09:06.625 * Background saving started by pid 39
2025-01-07T08:09:06.656166206Z 39:C 07 Jan 2025 08:09:06.656 * DB saved on disk
2025-01-07T08:09:06.657016971Z 39:C 07 Jan 2025 08:09:06.656 * RDB: 0 MB of memory used by copy-on-write
2025-01-07T08:09:06.727461963Z 1:M 07 Jan 2025 08:09:06.727 * Background saving terminated with success
2025-01-07T08:12:38.528768613Z 1:M 07 Jan 2025 08:12:38.528 * 10000 changes in 60 seconds. Saving...
2025-01-07T08:12:38.529313814Z 1:M 07 Jan 2025 08:12:38.529 * Background saving started by pid 40
2025-01-07T08:12:38.560983010Z 40:C 07 Jan 2025 08:12:38.560 * DB saved on disk
2025-01-07T08:12:38.562224599Z 40:C 07 Jan 2025 08:12:38.562 * RDB: 0 MB of memory used by copy-on-write
2025-01-07T08:12:38.630127921Z 1:M 07 Jan 2025 08:12:38.629 * Background saving terminated with success
2025-01-07T08:15:53.009028364Z 1:M 07 Jan 2025 08:15:53.008 * 10000 changes in 60 seconds. Saving...
2025-01-07T08:15:53.009551078Z 1:M 07 Jan 2025 08:15:53.009 * Background saving started by pid 41
2025-01-07T08:15:53.048369842Z 41:C 07 Jan 2025 08:15:53.048 * DB saved on disk
2025-01-07T08:15:53.049630197Z 41:C 07 Jan 2025 08:15:53.049 * RDB: 0 MB of memory used by copy-on-write
2025-01-07T08:15:53.110966938Z 1:M 07 Jan 2025 08:15:53.110 * Background saving terminated with success
2025-01-07T08:18:55.720794268Z 1:M 07 Jan 2025 08:18:55.720 * 10000 changes in 60 seconds. Saving...
2025-01-07T08:18:55.721523739Z 1:M 07 Jan 2025 08:18:55.721 * Background saving started by pid 42
2025-01-07T08:18:55.770167401Z 42:C 07 Jan 2025 08:18:55.770 * DB saved on disk
2025-01-07T08:18:55.771329861Z 42:C 07 Jan 2025 08:18:55.771 * RDB: 0 MB of memory used by copy-on-write
2025-01-07T08:18:55.822206507Z 1:M 07 Jan 2025 08:18:55.822 * Background saving terminated with success
