2025-01-07T08:09:06.685612452Z 1:M 07 Jan 2025 08:09:06.685 * 1 changes in 3600 seconds. Saving...
2025-01-07T08:09:06.686136717Z 1:M 07 Jan 2025 08:09:06.685 * Background saving started by pid 38
2025-01-07T08:09:06.762555023Z 38:C 07 Jan 2025 08:09:06.762 * DB saved on disk
2025-01-07T08:09:06.763693214Z 38:C 07 Jan 2025 08:09:06.763 * RDB: 0 MB of memory used by copy-on-write
2025-01-07T08:09:06.787204397Z 1:M 07 Jan 2025 08:09:06.787 * Background saving terminated with success
2025-01-07T08:12:18.427089981Z 1:M 07 Jan 2025 08:12:18.426 * 10000 changes in 60 seconds. Saving...
2025-01-07T08:12:18.427750996Z 1:M 07 Jan 2025 08:12:18.427 * Background saving started by pid 39
2025-01-07T08:12:18.483564935Z 39:C 07 Jan 2025 08:12:18.483 * DB saved on disk
2025-01-07T08:12:18.484617151Z 39:C 07 Jan 2025 08:12:18.484 * RDB: 0 MB of memory used by copy-on-write
2025-01-07T08:12:18.528436152Z 1:M 07 Jan 2025 08:12:18.528 * Background saving terminated with success
2025-01-07T08:15:38.851563470Z 1:M 07 Jan 2025 08:15:38.851 * 10000 changes in 60 seconds. Saving...
2025-01-07T08:15:38.852231931Z 1:M 07 Jan 2025 08:15:38.852 * Background saving started by pid 40
2025-01-07T08:15:38.914548159Z 40:C 07 Jan 2025 08:15:38.914 * DB saved on disk
2025-01-07T08:15:38.915773965Z 40:C 07 Jan 2025 08:15:38.915 * RDB: 0 MB of memory used by copy-on-write
2025-01-07T08:15:38.953124106Z 1:M 07 Jan 2025 08:15:38.952 * Background saving terminated with success
2025-01-07T08:19:19.193098345Z 1:M 07 Jan 2025 08:19:19.192 * 10000 changes in 60 seconds. Saving...
2025-01-07T08:19:19.193684721Z 1:M 07 Jan 2025 08:19:19.193 * Background saving started by pid 41
2025-01-07T08:19:19.267397603Z 41:C 07 Jan 2025 08:19:19.267 * DB saved on disk
2025-01-07T08:19:19.268576699Z 41:C 07 Jan 2025 08:19:19.268 * RDB: 0 MB of memory used by copy-on-write
2025-01-07T08:19:19.294562717Z 1:M 07 Jan 2025 08:19:19.294 * Background saving terminated with success
